<?xml version="1.0" encoding="UTF-8"?>
<testsuite name="TestMoney" tests="1" skipped="0" failures="0" errors="0" timestamp="2021-11-24T23:34:21" hostname="SOOJIN" time="0.049">
  <properties/>
  <testcase name="testEquality()" classname="TestMoney" time="0.049"/>
  <system-out><![CDATA[getClass() = class Dollar
m getClass() = class Dollar
getClass() = class Dollar
m getClass() = class Dollar
getClass() = class Franc
m getClass() = class Franc
getClass() = class Franc
m getClass() = class Franc
getClass() = class Franc
m getClass() = class Dollar
]]></system-out>
  <system-err><![CDATA[]]></system-err>
</testsuite>
