<?xml version="1.0" encoding="UTF-8"?>
<testsuite name="TestMoney" tests="1" skipped="0" failures="0" errors="0" timestamp="2021-11-24T14:39:18" hostname="SOOJIN" time="0.026">
  <properties/>
  <testcase name="testMultiplication()" classname="TestMoney" time="0.026"/>
  <system-out><![CDATA[]]></system-out>
  <system-err><![CDATA[]]></system-err>
</testsuite>
